TN:
SF:C:/Users/agunn/desktop/andela_project/weconnect/app.js
FN:14,(anonymous_1)
FN:22,(anonymous_2)
FN:30,(anonymous_3)
FNF:3
FNH:2
FNDA:13,(anonymous_1)
FNDA:0,(anonymous_2)
FNDA:1,(anonymous_3)
DA:1,1
DA:2,1
DA:3,1
DA:5,1
DA:6,1
DA:8,1
DA:10,1
DA:11,1
DA:14,1
DA:15,13
DA:16,13
DA:20,1
DA:22,1
DA:27,1
DA:30,1
DA:31,1
LF:16
LH:16
BRDA:8,0,0,1
BRDA:8,0,1,1
BRF:2
BRH:2
end_of_record
TN:
SF:C:/Users/agunn/desktop/andela_project/weconnect/server/controller/business.js
FNF:0
FNH:0
DA:2,1
DA:12,10
DA:13,5
DA:14,5
DA:15,5
DA:17,5
DA:18,2
DA:19,4
DA:20,1
DA:23,2
DA:24,1
DA:31,1
DA:37,3
DA:38,2
DA:39,4
DA:40,2
DA:44,2
DA:45,1
DA:52,1
DA:57,1
DA:70,2
DA:71,2
DA:72,1
DA:77,1
DA:84,1
DA:97,1
DA:98,1
DA:99,1
DA:100,1
DA:101,1
DA:102,1
DA:104,1
DA:112,0
DA:125,1
DA:126,1
DA:127,1
DA:129,1
DA:137,0
LF:38
LH:36
BRDA:17,0,0,2
BRDA:17,0,1,3
BRDA:19,1,0,1
BRDA:19,1,1,3
BRDA:23,2,0,1
BRDA:23,2,1,1
BRDA:37,3,0,2
BRDA:37,3,1,1
BRDA:39,4,0,2
BRDA:39,4,1,2
BRDA:44,5,0,1
BRDA:44,5,1,1
BRDA:71,6,0,1
BRDA:71,6,1,1
BRDA:98,7,0,1
BRDA:98,7,1,0
BRDA:126,8,0,1
BRDA:126,8,1,0
BRF:18
BRH:16
end_of_record
TN:
SF:C:/Users/agunn/desktop/andela_project/weconnect/server/controller/review.js
FNF:0
FNH:0
DA:1,1
DA:2,1
DA:11,1
DA:12,1
DA:13,1
DA:20,1
DA:28,0
DA:40,1
DA:41,1
DA:42,3
DA:43,1
DA:46,1
DA:47,1
DA:54,0
LF:14
LH:12
BRDA:12,0,0,1
BRDA:12,0,1,0
BRDA:42,1,0,1
BRDA:42,1,1,2
BRDA:46,2,0,1
BRDA:46,2,1,0
BRF:6
BRH:4
end_of_record
TN:
SF:C:/Users/agunn/desktop/andela_project/weconnect/server/controller/user.js
FNF:0
FNH:0
DA:1,1
DA:11,1
DA:12,1
DA:19,1
DA:32,1
DA:33,1
DA:35,1
DA:36,3
DA:37,2
DA:41,1
DA:42,1
DA:48,0
LF:12
LH:11
BRDA:36,0,0,2
BRDA:36,0,1,1
BRDA:36,1,0,3
BRDA:36,1,1,2
BRDA:41,2,0,1
BRDA:41,2,1,0
BRF:6
BRH:5
end_of_record
TN:
SF:C:/Users/agunn/desktop/andela_project/weconnect/server/model/business.js
FNF:0
FNH:0
DA:3,1
LF:1
LH:1
BRF:0
BRH:0
end_of_record
TN:
SF:C:/Users/agunn/desktop/andela_project/weconnect/server/model/review.js
FNF:0
FNH:0
DA:1,1
LF:1
LH:1
BRF:0
BRH:0
end_of_record
TN:
SF:C:/Users/agunn/desktop/andela_project/weconnect/server/model/user.js
FNF:0
FNH:0
DA:2,1
LF:1
LH:1
BRF:0
BRH:0
end_of_record
TN:
SF:C:/Users/agunn/desktop/andela_project/weconnect/server/routes/index.js
FN:6,(anonymous_1)
FN:7,(anonymous_2)
FNF:2
FNH:1
FNDA:1,(anonymous_1)
FNDA:0,(anonymous_2)
DA:2,1
DA:3,1
DA:4,1
DA:7,1
DA:11,1
DA:12,1
DA:14,1
DA:15,1
DA:16,1
DA:17,1
DA:19,1
DA:20,1
LF:12
LH:12
BRF:0
BRH:0
end_of_record
TN:
SF:C:/Users/agunn/desktop/andela_project/weconnect/server/test/business.js
FN:10,(anonymous_1)
FN:11,(anonymous_2)
FN:14,(anonymous_3)
FN:21,(anonymous_4)
FN:24,(anonymous_5)
FN:31,(anonymous_6)
FN:34,(anonymous_7)
FN:41,(anonymous_8)
FN:44,(anonymous_9)
FN:51,(anonymous_10)
FN:54,(anonymous_11)
FN:62,(anonymous_12)
FN:63,(anonymous_13)
FN:74,(anonymous_14)
FN:82,(anonymous_15)
FN:92,(anonymous_16)
FN:100,(anonymous_17)
FN:101,(anonymous_18)
FN:113,(anonymous_19)
FN:121,(anonymous_20)
FN:122,(anonymous_21)
FN:125,(anonymous_22)
FNF:22
FNH:22
FNDA:1,(anonymous_1)
FNDA:1,(anonymous_2)
FNDA:1,(anonymous_3)
FNDA:1,(anonymous_4)
FNDA:1,(anonymous_5)
FNDA:1,(anonymous_6)
FNDA:1,(anonymous_7)
FNDA:1,(anonymous_8)
FNDA:1,(anonymous_9)
FNDA:1,(anonymous_10)
FNDA:1,(anonymous_11)
FNDA:1,(anonymous_12)
FNDA:1,(anonymous_13)
FNDA:1,(anonymous_14)
FNDA:1,(anonymous_15)
FNDA:1,(anonymous_16)
FNDA:1,(anonymous_17)
FNDA:1,(anonymous_18)
FNDA:1,(anonymous_19)
FNDA:1,(anonymous_20)
FNDA:1,(anonymous_21)
FNDA:1,(anonymous_22)
DA:1,1
DA:2,1
DA:3,1
DA:6,1
DA:7,1
DA:8,1
DA:10,1
DA:11,1
DA:12,1
DA:15,1
DA:16,1
DA:17,1
DA:21,1
DA:22,1
DA:25,1
DA:26,1
DA:27,1
DA:31,1
DA:32,1
DA:35,1
DA:36,1
DA:37,1
DA:41,1
DA:42,1
DA:45,1
DA:46,1
DA:47,1
DA:51,1
DA:52,1
DA:55,1
DA:56,1
DA:57,1
DA:62,1
DA:63,1
DA:64,1
DA:71,1
DA:75,1
DA:76,1
DA:77,1
DA:78,1
DA:82,1
DA:83,1
DA:89,1
DA:93,1
DA:94,1
DA:95,1
DA:100,1
DA:101,1
DA:102,1
DA:110,1
DA:114,1
DA:115,1
DA:116,1
DA:121,1
DA:122,1
DA:123,1
DA:126,1
DA:127,1
DA:128,1
LF:59
LH:59
BRF:0
BRH:0
end_of_record
TN:
SF:C:/Users/agunn/desktop/andela_project/weconnect/server/test/review.js
FN:9,(anonymous_1)
FN:10,(anonymous_2)
FN:19,(anonymous_3)
FN:27,(anonymous_4)
FN:28,(anonymous_5)
FN:31,(anonymous_6)
FNF:6
FNH:6
FNDA:1,(anonymous_1)
FNDA:1,(anonymous_2)
FNDA:1,(anonymous_3)
FNDA:1,(anonymous_4)
FNDA:1,(anonymous_5)
FNDA:1,(anonymous_6)
DA:1,1
DA:2,1
DA:3,1
DA:6,1
DA:7,1
DA:9,1
DA:10,1
DA:11,1
DA:16,1
DA:20,1
DA:21,1
DA:22,1
DA:27,1
DA:28,1
DA:29,1
DA:32,1
DA:33,1
DA:34,1
DA:35,1
LF:19
LH:19
BRF:0
BRH:0
end_of_record
TN:
SF:C:/Users/agunn/desktop/andela_project/weconnect/server/test/user.js
FN:9,(anonymous_1)
FN:10,(anonymous_2)
FN:21,(anonymous_3)
FN:29,(anonymous_4)
FN:30,(anonymous_5)
FN:40,(anonymous_6)
FNF:6
FNH:6
FNDA:1,(anonymous_1)
FNDA:1,(anonymous_2)
FNDA:1,(anonymous_3)
FNDA:1,(anonymous_4)
FNDA:1,(anonymous_5)
FNDA:1,(anonymous_6)
DA:1,1
DA:2,1
DA:3,1
DA:6,1
DA:7,1
DA:9,1
DA:10,1
DA:11,1
DA:18,1
DA:22,1
DA:23,1
DA:24,1
DA:29,1
DA:30,1
DA:31,1
DA:37,1
DA:41,1
DA:42,1
DA:43,1
LF:19
LH:19
BRF:0
BRH:0
end_of_record
